[2026-07-06T15:25:02.905+0000] {local_task_job_runner.py:120} INFO - ::group::Pre task execution logs
[2026-07-06T15:25:02.920+0000] {taskinstance.py:2076} INFO - Dependencies all met for dep_context=non-requeueable deps ti=<TaskInstance: crypto_market_pipeline.extract_raw manual__2026-07-06T15:23:01.221148+00:00 [queued]>
[2026-07-06T15:25:02.923+0000] {taskinstance.py:2076} INFO - Dependencies all met for dep_context=requeueable deps ti=<TaskInstance: crypto_market_pipeline.extract_raw manual__2026-07-06T15:23:01.221148+00:00 [queued]>
[2026-07-06T15:25:02.924+0000] {taskinstance.py:2306} INFO - Starting attempt 2 of 2
[2026-07-06T15:25:02.929+0000] {taskinstance.py:2330} INFO - Executing <Task(PythonOperator): extract_raw> on 2026-07-06 15:23:01.221148+00:00
[2026-07-06T15:25:02.933+0000] {logging_mixin.py:188} WARNING - /home/***/.local/lib/python3.12/site-packages/***/task/task_runner/standard_task_runner.py:61 DeprecationWarning: This process (pid=214) is multi-threaded, use of fork() may lead to deadlocks in the child.
[2026-07-06T15:25:02.932+0000] {standard_task_runner.py:90} INFO - Running: ['***', 'tasks', 'run', 'crypto_market_pipeline', 'extract_raw', 'manual__2026-07-06T15:23:01.221148+00:00', '--job-id', '11', '--raw', '--subdir', 'DAGS_FOLDER/crypto_pipeline.py', '--cfg-path', '/tmp/tmpb66qsiai']
[2026-07-06T15:25:02.934+0000] {standard_task_runner.py:63} INFO - Started process 215 to run task
[2026-07-06T15:25:02.935+0000] {standard_task_runner.py:91} INFO - Job 11: Subtask extract_raw
[2026-07-06T15:25:02.958+0000] {task_command.py:426} INFO - Running <TaskInstance: crypto_market_pipeline.extract_raw manual__2026-07-06T15:23:01.221148+00:00 [running]> on host 0f39d26fbe9c
[2026-07-06T15:25:02.991+0000] {taskinstance.py:2648} INFO - Exporting env vars: AIRFLOW_CTX_DAG_OWNER='user' AIRFLOW_CTX_DAG_ID='crypto_market_pipeline' AIRFLOW_CTX_TASK_ID='extract_raw' AIRFLOW_CTX_EXECUTION_DATE='2026-07-06T15:23:01.221148+00:00' AIRFLOW_CTX_TRY_NUMBER='2' AIRFLOW_CTX_DAG_RUN_ID='manual__2026-07-06T15:23:01.221148+00:00'
[2026-07-06T15:25:02.992+0000] {taskinstance.py:430} INFO - ::endgroup::
[2026-07-06T15:25:02.998+0000] {pipeline.py:95} INFO - Fetching BTCUSDT...
[2026-07-06T15:25:03.004+0000] {taskinstance.py:441} INFO - ::group::Post task execution logs
[2026-07-06T15:25:03.004+0000] {taskinstance.py:2905} ERROR - Task failed with exception
Traceback (most recent call last):
  File "/home/airflow/.local/lib/python3.12/site-packages/airflow/models/taskinstance.py", line 465, in _execute_task
    result = _execute_callable(context=context, **execute_callable_kwargs)
             ^^^^^^^^^^^^^^^^^^^^^^^^^^^^^^^^^^^^^^^^^^^^^^^^^^^^^^^^^^^^^
  File "/home/airflow/.local/lib/python3.12/site-packages/airflow/models/taskinstance.py", line 432, in _execute_callable
    return execute_callable(context=context, **execute_callable_kwargs)
           ^^^^^^^^^^^^^^^^^^^^^^^^^^^^^^^^^^^^^^^^^^^^^^^^^^^^^^^^^^^^
  File "/home/airflow/.local/lib/python3.12/site-packages/airflow/models/baseoperator.py", line 400, in wrapper
    return func(self, *args, **kwargs)
           ^^^^^^^^^^^^^^^^^^^^^^^^^^^
  File "/home/airflow/.local/lib/python3.12/site-packages/airflow/operators/python.py", line 235, in execute
    return_value = self.execute_callable()
                   ^^^^^^^^^^^^^^^^^^^^^^^
  File "/home/airflow/.local/lib/python3.12/site-packages/airflow/operators/python.py", line 252, in execute_callable
    return self.python_callable(*self.op_args, **self.op_kwargs)
           ^^^^^^^^^^^^^^^^^^^^^^^^^^^^^^^^^^^^^^^^^^^^^^^^^^^^^
  File "/opt/airflow/src/services/pipeline.py", line 98, in extract_raw
    start_time_ms = None if last_open_time_ms in None else last_open_time_ms + 1
                            ^^^^^^^^^^^^^^^^^^^^^^^^^
TypeError: argument of type 'NoneType' is not iterable
[2026-07-06T15:25:03.011+0000] {taskinstance.py:1206} INFO - Marking task as FAILED. dag_id=crypto_market_pipeline, task_id=extract_raw, run_id=manual__2026-07-06T15:23:01.221148+00:00, execution_date=20260706T152301, start_date=20260706T152502, end_date=20260706T152503
[2026-07-06T15:25:03.016+0000] {standard_task_runner.py:110} ERROR - Failed to execute job 11 for task extract_raw (argument of type 'NoneType' is not iterable; 215)
[2026-07-06T15:25:03.028+0000] {local_task_job_runner.py:240} INFO - Task exited with return code 1
[2026-07-06T15:25:03.039+0000] {taskinstance.py:3498} INFO - 0 downstream tasks scheduled from follow-on schedule check
[2026-07-06T15:25:03.041+0000] {local_task_job_runner.py:222} INFO - ::endgroup::
