[2026-07-06T15:22:30.854+0000] {local_task_job_runner.py:120} INFO - ::group::Pre task execution logs
[2026-07-06T15:22:30.924+0000] {taskinstance.py:2076} INFO - Dependencies all met for dep_context=non-requeueable deps ti=<TaskInstance: crypto_market_pipeline.extract_raw scheduled__2026-07-06T14:00:00+00:00 [queued]>
[2026-07-06T15:22:30.933+0000] {taskinstance.py:2076} INFO - Dependencies all met for dep_context=requeueable deps ti=<TaskInstance: crypto_market_pipeline.extract_raw scheduled__2026-07-06T14:00:00+00:00 [queued]>
[2026-07-06T15:22:30.934+0000] {taskinstance.py:2306} INFO - Starting attempt 1 of 2
[2026-07-06T15:22:30.949+0000] {taskinstance.py:2330} INFO - Executing <Task(PythonOperator): extract_raw> on 2026-07-06 14:00:00+00:00
[2026-07-06T15:22:30.954+0000] {standard_task_runner.py:90} INFO - Running: ['***', 'tasks', 'run', 'crypto_market_pipeline', 'extract_raw', 'scheduled__2026-07-06T14:00:00+00:00', '--job-id', '3', '--raw', '--subdir', 'DAGS_FOLDER/crypto_pipeline.py', '--cfg-path', '/tmp/tmpi3q65zwz']
[2026-07-06T15:22:30.956+0000] {standard_task_runner.py:91} INFO - Job 3: Subtask extract_raw
[2026-07-06T15:22:30.968+0000] {logging_mixin.py:188} WARNING - /home/***/.local/lib/python3.12/site-packages/***/task/task_runner/standard_task_runner.py:61 DeprecationWarning: This process (pid=174) is multi-threaded, use of fork() may lead to deadlocks in the child.
[2026-07-06T15:22:30.971+0000] {standard_task_runner.py:63} INFO - Started process 175 to run task
[2026-07-06T15:22:31.026+0000] {task_command.py:426} INFO - Running <TaskInstance: crypto_market_pipeline.extract_raw scheduled__2026-07-06T14:00:00+00:00 [running]> on host 0f39d26fbe9c
[2026-07-06T15:22:31.147+0000] {taskinstance.py:2648} INFO - Exporting env vars: AIRFLOW_CTX_DAG_OWNER='user' AIRFLOW_CTX_DAG_ID='crypto_market_pipeline' AIRFLOW_CTX_TASK_ID='extract_raw' AIRFLOW_CTX_EXECUTION_DATE='2026-07-06T14:00:00+00:00' AIRFLOW_CTX_TRY_NUMBER='1' AIRFLOW_CTX_DAG_RUN_ID='scheduled__2026-07-06T14:00:00+00:00'
[2026-07-06T15:22:31.149+0000] {taskinstance.py:430} INFO - ::endgroup::
[2026-07-06T15:22:31.185+0000] {pipeline.py:95} INFO - Fetching BTCUSDT...
[2026-07-06T15:22:31.211+0000] {taskinstance.py:441} INFO - ::group::Post task execution logs
[2026-07-06T15:22:31.212+0000] {taskinstance.py:2905} ERROR - Task failed with exception
Traceback (most recent call last):
  File "/home/airflow/.local/lib/python3.12/site-packages/airflow/models/taskinstance.py", line 465, in _execute_task
    result = _execute_callable(context=context, **execute_callable_kwargs)
             ^^^^^^^^^^^^^^^^^^^^^^^^^^^^^^^^^^^^^^^^^^^^^^^^^^^^^^^^^^^^^
  File "/home/airflow/.local/lib/python3.12/site-packages/airflow/models/taskinstance.py", line 432, in _execute_callable
    return execute_callable(context=context, **execute_callable_kwargs)
           ^^^^^^^^^^^^^^^^^^^^^^^^^^^^^^^^^^^^^^^^^^^^^^^^^^^^^^^^^^^^
  File "/home/airflow/.local/lib/python3.12/site-packages/airflow/models/baseoperator.py", line 400, in wrapper
    return func(self, *args, **kwargs)
           ^^^^^^^^^^^^^^^^^^^^^^^^^^^
  File "/home/airflow/.local/lib/python3.12/site-packages/airflow/operators/python.py", line 235, in execute
    return_value = self.execute_callable()
                   ^^^^^^^^^^^^^^^^^^^^^^^
  File "/home/airflow/.local/lib/python3.12/site-packages/airflow/operators/python.py", line 252, in execute_callable
    return self.python_callable(*self.op_args, **self.op_kwargs)
           ^^^^^^^^^^^^^^^^^^^^^^^^^^^^^^^^^^^^^^^^^^^^^^^^^^^^^
  File "/opt/airflow/src/services/pipeline.py", line 98, in extract_raw
    start_time_ms = None if last_open_time_ms in None else last_open_time_ms + 1
                            ^^^^^^^^^^^^^^^^^^^^^^^^^
TypeError: argument of type 'NoneType' is not iterable
[2026-07-06T15:22:31.231+0000] {taskinstance.py:1206} INFO - Marking task as UP_FOR_RETRY. dag_id=crypto_market_pipeline, task_id=extract_raw, run_id=scheduled__2026-07-06T14:00:00+00:00, execution_date=20260706T140000, start_date=20260706T152230, end_date=20260706T152231
[2026-07-06T15:22:31.245+0000] {standard_task_runner.py:110} ERROR - Failed to execute job 3 for task extract_raw (argument of type 'NoneType' is not iterable; 175)
[2026-07-06T15:22:31.277+0000] {local_task_job_runner.py:240} INFO - Task exited with return code 1
[2026-07-06T15:22:31.294+0000] {taskinstance.py:3498} INFO - 0 downstream tasks scheduled from follow-on schedule check
[2026-07-06T15:22:31.295+0000] {local_task_job_runner.py:222} INFO - ::endgroup::
