[2026-07-06T15:49:38.197+0000] {local_task_job_runner.py:120} INFO - ::group::Pre task execution logs
[2026-07-06T15:49:38.225+0000] {taskinstance.py:2076} INFO - Dependencies all met for dep_context=non-requeueable deps ti=<TaskInstance: crypto_market_pipeline.quality_checks manual__2026-07-06T15:49:29.072196+00:00 [queued]>
[2026-07-06T15:49:38.230+0000] {taskinstance.py:2076} INFO - Dependencies all met for dep_context=requeueable deps ti=<TaskInstance: crypto_market_pipeline.quality_checks manual__2026-07-06T15:49:29.072196+00:00 [queued]>
[2026-07-06T15:49:38.231+0000] {taskinstance.py:2306} INFO - Starting attempt 1 of 2
[2026-07-06T15:49:38.237+0000] {taskinstance.py:2330} INFO - Executing <Task(PythonOperator): quality_checks> on 2026-07-06 15:49:29.072196+00:00
[2026-07-06T15:49:38.244+0000] {logging_mixin.py:188} WARNING - /home/***/.local/lib/python3.12/site-packages/***/task/task_runner/standard_task_runner.py:61 DeprecationWarning: This process (pid=473) is multi-threaded, use of fork() may lead to deadlocks in the child.
[2026-07-06T15:49:38.245+0000] {standard_task_runner.py:63} INFO - Started process 474 to run task
[2026-07-06T15:49:38.243+0000] {standard_task_runner.py:90} INFO - Running: ['***', 'tasks', 'run', 'crypto_market_pipeline', 'quality_checks', 'manual__2026-07-06T15:49:29.072196+00:00', '--job-id', '18', '--raw', '--subdir', 'DAGS_FOLDER/crypto_pipeline.py', '--cfg-path', '/tmp/tmpd16yt23v']
[2026-07-06T15:49:38.246+0000] {standard_task_runner.py:91} INFO - Job 18: Subtask quality_checks
[2026-07-06T15:49:38.389+0000] {task_command.py:426} INFO - Running <TaskInstance: crypto_market_pipeline.quality_checks manual__2026-07-06T15:49:29.072196+00:00 [running]> on host 0f39d26fbe9c
[2026-07-06T15:49:38.960+0000] {taskinstance.py:2648} INFO - Exporting env vars: AIRFLOW_CTX_DAG_OWNER='user' AIRFLOW_CTX_DAG_ID='crypto_market_pipeline' AIRFLOW_CTX_TASK_ID='quality_checks' AIRFLOW_CTX_EXECUTION_DATE='2026-07-06T15:49:29.072196+00:00' AIRFLOW_CTX_TRY_NUMBER='1' AIRFLOW_CTX_DAG_RUN_ID='manual__2026-07-06T15:49:29.072196+00:00'
[2026-07-06T15:49:38.989+0000] {taskinstance.py:430} INFO - ::endgroup::
[2026-07-06T15:49:40.079+0000] {pipeline.py:134} INFO - Quality checks:
[2026-07-06T15:49:40.232+0000] {pipeline.py:136} INFO - raw_klines_empty: passed
[2026-07-06T15:49:40.236+0000] {pipeline.py:136} INFO - fact_price_ohlcv_empty: passed
[2026-07-06T15:49:40.237+0000] {pipeline.py:136} INFO - null_close_price: passed
[2026-07-06T15:49:40.238+0000] {pipeline.py:136} INFO - negative_volume: passed
[2026-07-06T15:49:40.238+0000] {pipeline.py:136} INFO - duplicate_fact_rows: passed
[2026-07-06T15:49:40.239+0000] {python.py:237} INFO - Done. Returned value was: None
[2026-07-06T15:49:40.241+0000] {taskinstance.py:441} INFO - ::group::Post task execution logs
[2026-07-06T15:49:40.652+0000] {taskinstance.py:1206} INFO - Marking task as SUCCESS. dag_id=crypto_market_pipeline, task_id=quality_checks, run_id=manual__2026-07-06T15:49:29.072196+00:00, execution_date=20260706T154929, start_date=20260706T154938, end_date=20260706T154940
[2026-07-06T15:49:40.932+0000] {local_task_job_runner.py:240} INFO - Task exited with return code 0
[2026-07-06T15:49:41.025+0000] {taskinstance.py:3498} INFO - 0 downstream tasks scheduled from follow-on schedule check
[2026-07-06T15:49:41.027+0000] {local_task_job_runner.py:222} INFO - ::endgroup::
