[2026-07-06T16:00:00.340+0000] {local_task_job_runner.py:120} INFO - ::group::Pre task execution logs
[2026-07-06T16:00:00.381+0000] {taskinstance.py:2076} INFO - Dependencies all met for dep_context=non-requeueable deps ti=<TaskInstance: crypto_market_pipeline.extract_raw scheduled__2026-07-06T15:00:00+00:00 [queued]>
[2026-07-06T16:00:00.389+0000] {taskinstance.py:2076} INFO - Dependencies all met for dep_context=requeueable deps ti=<TaskInstance: crypto_market_pipeline.extract_raw scheduled__2026-07-06T15:00:00+00:00 [queued]>
[2026-07-06T16:00:00.390+0000] {taskinstance.py:2306} INFO - Starting attempt 1 of 2
[2026-07-06T16:00:00.397+0000] {taskinstance.py:2330} INFO - Executing <Task(PythonOperator): extract_raw> on 2026-07-06 15:00:00+00:00
[2026-07-06T16:00:00.406+0000] {logging_mixin.py:188} WARNING - /home/***/.local/lib/python3.12/site-packages/***/task/task_runner/standard_task_runner.py:61 DeprecationWarning: This process (pid=575) is multi-threaded, use of fork() may lead to deadlocks in the child.
[2026-07-06T16:00:00.403+0000] {standard_task_runner.py:90} INFO - Running: ['***', 'tasks', 'run', 'crypto_market_pipeline', 'extract_raw', 'scheduled__2026-07-06T15:00:00+00:00', '--job-id', '19', '--raw', '--subdir', 'DAGS_FOLDER/crypto_pipeline.py', '--cfg-path', '/tmp/tmpyb6i2wvw']
[2026-07-06T16:00:00.409+0000] {standard_task_runner.py:63} INFO - Started process 576 to run task
[2026-07-06T16:00:00.410+0000] {standard_task_runner.py:91} INFO - Job 19: Subtask extract_raw
[2026-07-06T16:00:00.830+0000] {task_command.py:426} INFO - Running <TaskInstance: crypto_market_pipeline.extract_raw scheduled__2026-07-06T15:00:00+00:00 [running]> on host 0f39d26fbe9c
[2026-07-06T16:00:10.449+0000] {taskinstance.py:2648} INFO - Exporting env vars: AIRFLOW_CTX_DAG_OWNER='user' AIRFLOW_CTX_DAG_ID='crypto_market_pipeline' AIRFLOW_CTX_TASK_ID='extract_raw' AIRFLOW_CTX_EXECUTION_DATE='2026-07-06T15:00:00+00:00' AIRFLOW_CTX_TRY_NUMBER='1' AIRFLOW_CTX_DAG_RUN_ID='scheduled__2026-07-06T15:00:00+00:00'
[2026-07-06T16:00:10.453+0000] {taskinstance.py:430} INFO - ::endgroup::
[2026-07-06T16:00:10.475+0000] {pipeline.py:95} INFO - Fetching BTCUSDT...
[2026-07-06T16:00:11.340+0000] {pipeline.py:109} INFO - BTCUSDT: inserted 1 rows
[2026-07-06T16:00:11.342+0000] {pipeline.py:95} INFO - Fetching ETHUSDT...
[2026-07-06T16:00:12.226+0000] {pipeline.py:109} INFO - ETHUSDT: inserted 1 rows
[2026-07-06T16:00:12.229+0000] {pipeline.py:95} INFO - Fetching SOLUSDT...
[2026-07-06T16:00:12.927+0000] {pipeline.py:109} INFO - SOLUSDT: inserted 1 rows
[2026-07-06T16:00:12.932+0000] {pipeline.py:111} INFO - Total raw inserted rows: 3
[2026-07-06T16:00:12.934+0000] {python.py:237} INFO - Done. Returned value was: 3
[2026-07-06T16:00:12.935+0000] {taskinstance.py:441} INFO - ::group::Post task execution logs
[2026-07-06T16:00:12.954+0000] {taskinstance.py:1206} INFO - Marking task as SUCCESS. dag_id=crypto_market_pipeline, task_id=extract_raw, run_id=scheduled__2026-07-06T15:00:00+00:00, execution_date=20260706T150000, start_date=20260706T160000, end_date=20260706T160012
[2026-07-06T16:00:12.989+0000] {local_task_job_runner.py:240} INFO - Task exited with return code 0
[2026-07-06T16:00:12.996+0000] {local_task_job_runner.py:222} INFO - ::endgroup::
