[2026-07-06T17:00:00.479+0000] {local_task_job_runner.py:120} INFO - ::group::Pre task execution logs
[2026-07-06T17:00:00.502+0000] {taskinstance.py:2076} INFO - Dependencies all met for dep_context=non-requeueable deps ti=<TaskInstance: crypto_market_pipeline.extract_raw scheduled__2026-07-06T16:00:00+00:00 [queued]>
[2026-07-06T17:00:00.506+0000] {taskinstance.py:2076} INFO - Dependencies all met for dep_context=requeueable deps ti=<TaskInstance: crypto_market_pipeline.extract_raw scheduled__2026-07-06T16:00:00+00:00 [queued]>
[2026-07-06T17:00:00.507+0000] {taskinstance.py:2306} INFO - Starting attempt 1 of 2
[2026-07-06T17:00:00.513+0000] {taskinstance.py:2330} INFO - Executing <Task(PythonOperator): extract_raw> on 2026-07-06 16:00:00+00:00
[2026-07-06T17:00:00.518+0000] {standard_task_runner.py:90} INFO - Running: ['***', 'tasks', 'run', 'crypto_market_pipeline', 'extract_raw', 'scheduled__2026-07-06T16:00:00+00:00', '--job-id', '23', '--raw', '--subdir', 'DAGS_FOLDER/crypto_pipeline.py', '--cfg-path', '/tmp/tmppypebxjk']
[2026-07-06T17:00:00.521+0000] {standard_task_runner.py:91} INFO - Job 23: Subtask extract_raw
[2026-07-06T17:00:00.521+0000] {logging_mixin.py:188} WARNING - /home/***/.local/lib/python3.12/site-packages/***/task/task_runner/standard_task_runner.py:61 DeprecationWarning: This process (pid=943) is multi-threaded, use of fork() may lead to deadlocks in the child.
[2026-07-06T17:00:00.522+0000] {standard_task_runner.py:63} INFO - Started process 944 to run task
[2026-07-06T17:00:00.551+0000] {task_command.py:426} INFO - Running <TaskInstance: crypto_market_pipeline.extract_raw scheduled__2026-07-06T16:00:00+00:00 [running]> on host 0f39d26fbe9c
[2026-07-06T17:00:00.596+0000] {taskinstance.py:2648} INFO - Exporting env vars: AIRFLOW_CTX_DAG_OWNER='user' AIRFLOW_CTX_DAG_ID='crypto_market_pipeline' AIRFLOW_CTX_TASK_ID='extract_raw' AIRFLOW_CTX_EXECUTION_DATE='2026-07-06T16:00:00+00:00' AIRFLOW_CTX_TRY_NUMBER='1' AIRFLOW_CTX_DAG_RUN_ID='scheduled__2026-07-06T16:00:00+00:00'
[2026-07-06T17:00:00.597+0000] {taskinstance.py:430} INFO - ::endgroup::
[2026-07-06T17:00:00.605+0000] {pipeline.py:95} INFO - Fetching BTCUSDT...
[2026-07-06T17:00:02.286+0000] {pipeline.py:109} INFO - BTCUSDT: inserted 1 rows
[2026-07-06T17:00:02.288+0000] {pipeline.py:95} INFO - Fetching ETHUSDT...
[2026-07-06T17:00:03.708+0000] {pipeline.py:109} INFO - ETHUSDT: inserted 1 rows
[2026-07-06T17:00:03.711+0000] {pipeline.py:95} INFO - Fetching SOLUSDT...
[2026-07-06T17:00:05.117+0000] {pipeline.py:109} INFO - SOLUSDT: inserted 1 rows
[2026-07-06T17:00:05.121+0000] {pipeline.py:111} INFO - Total raw inserted rows: 3
[2026-07-06T17:00:05.123+0000] {python.py:237} INFO - Done. Returned value was: 3
[2026-07-06T17:00:05.125+0000] {taskinstance.py:441} INFO - ::group::Post task execution logs
[2026-07-06T17:00:05.146+0000] {taskinstance.py:1206} INFO - Marking task as SUCCESS. dag_id=crypto_market_pipeline, task_id=extract_raw, run_id=scheduled__2026-07-06T16:00:00+00:00, execution_date=20260706T160000, start_date=20260706T170000, end_date=20260706T170005
[2026-07-06T17:00:05.184+0000] {local_task_job_runner.py:240} INFO - Task exited with return code 0
[2026-07-06T17:00:05.196+0000] {taskinstance.py:3498} INFO - 1 downstream tasks scheduled from follow-on schedule check
[2026-07-06T17:00:05.197+0000] {local_task_job_runner.py:222} INFO - ::endgroup::
