[2026-07-03T10:34:59.872+0000] {manager.py:470} INFO - Processing files using up to 2 processes at a time 
[2026-07-03T10:34:59.873+0000] {manager.py:471} INFO - Process each file at most once every 30 seconds
[2026-07-03T10:34:59.875+0000] {manager.py:472} INFO - Checking for new files in /opt/airflow/dags every 300 seconds
[2026-07-03T10:34:59.876+0000] {manager.py:737} INFO - Searching for files in /opt/airflow/dags
[2026-07-03T10:34:59.885+0000] {manager.py:740} INFO - There are 1 files in /opt/airflow/dags
[2026-07-03T10:34:59.991+0000] {manager.py:878} INFO - 
================================================================================
DAG File Processing Stats

File Path                               PID  Runtime      # DAGs    # Errors  Last Runtime    Last Run
------------------------------------  -----  ---------  --------  ----------  --------------  ----------
/opt/airflow/dags/crypto_pipeline.py    160  0.07s             0           0
================================================================================
[2026-07-03T10:35:30.258+0000] {manager.py:878} INFO - 
================================================================================
DAG File Processing Stats

File Path                               PID  Runtime      # DAGs    # Errors  Last Runtime    Last Run
------------------------------------  -----  ---------  --------  ----------  --------------  -------------------
/opt/airflow/dags/crypto_pipeline.py    165  0.00s             0           1  0.15s           2026-07-03T10:35:00
================================================================================
[2026-07-03T10:36:00.536+0000] {manager.py:878} INFO - 
================================================================================
DAG File Processing Stats

File Path                               PID  Runtime      # DAGs    # Errors  Last Runtime    Last Run
------------------------------------  -----  ---------  --------  ----------  --------------  -------------------
/opt/airflow/dags/crypto_pipeline.py    170  0.01s             0           1  0.13s           2026-07-03T10:35:30
================================================================================
[2026-07-03T10:36:30.924+0000] {manager.py:878} INFO - 
================================================================================
DAG File Processing Stats

File Path                               PID  Runtime      # DAGs    # Errors  Last Runtime    Last Run
------------------------------------  -----  ---------  --------  ----------  --------------  -------------------
/opt/airflow/dags/crypto_pipeline.py    175  0.01s             0           1  0.13s           2026-07-03T10:36:00
================================================================================
[2026-07-03T10:37:01.222+0000] {manager.py:878} INFO - 
================================================================================
DAG File Processing Stats

File Path                               PID  Runtime      # DAGs    # Errors  Last Runtime    Last Run
------------------------------------  -----  ---------  --------  ----------  --------------  -------------------
/opt/airflow/dags/crypto_pipeline.py    180  0.01s             0           1  0.06s           2026-07-03T10:36:30
================================================================================
[2026-07-03T10:37:31.563+0000] {manager.py:878} INFO - 
================================================================================
DAG File Processing Stats

File Path                               PID  Runtime      # DAGs    # Errors  Last Runtime    Last Run
------------------------------------  -----  ---------  --------  ----------  --------------  -------------------
/opt/airflow/dags/crypto_pipeline.py    185  0.01s             0           1  0.07s           2026-07-03T10:37:01
================================================================================
[2026-07-03T10:38:01.887+0000] {manager.py:878} INFO - 
================================================================================
DAG File Processing Stats

File Path                               PID  Runtime      # DAGs    # Errors  Last Runtime    Last Run
------------------------------------  -----  ---------  --------  ----------  --------------  -------------------
/opt/airflow/dags/crypto_pipeline.py    190  0.01s             0           1  0.10s           2026-07-03T10:37:31
================================================================================
[2026-07-03T10:38:32.153+0000] {manager.py:878} INFO - 
================================================================================
DAG File Processing Stats

File Path                               PID  Runtime      # DAGs    # Errors  Last Runtime    Last Run
------------------------------------  -----  ---------  --------  ----------  --------------  -------------------
/opt/airflow/dags/crypto_pipeline.py    195  0.01s             0           1  0.08s           2026-07-03T10:38:01
================================================================================
[2026-07-03T10:39:02.495+0000] {manager.py:878} INFO - 
================================================================================
DAG File Processing Stats

File Path                               PID  Runtime      # DAGs    # Errors  Last Runtime    Last Run
------------------------------------  -----  ---------  --------  ----------  --------------  -------------------
/opt/airflow/dags/crypto_pipeline.py    200  0.01s             0           1  0.10s           2026-07-03T10:38:32
================================================================================
[2026-07-03T10:39:32.875+0000] {manager.py:878} INFO - 
================================================================================
DAG File Processing Stats

File Path                             PID    Runtime      # DAGs    # Errors  Last Runtime    Last Run
------------------------------------  -----  ---------  --------  ----------  --------------  -------------------
/opt/airflow/dags/crypto_pipeline.py                           1           0  0.32s           2026-07-03T10:39:13
================================================================================
[2026-07-03T10:40:00.162+0000] {manager.py:737} INFO - Searching for files in /opt/airflow/dags
[2026-07-03T10:40:00.209+0000] {manager.py:740} INFO - There are 1 files in /opt/airflow/dags
