[2026-07-06T15:49:29.574+0000] {local_task_job_runner.py:120} INFO - ::group::Pre task execution logs
[2026-07-06T15:49:29.614+0000] {taskinstance.py:2076} INFO - Dependencies all met for dep_context=non-requeueable deps ti=<TaskInstance: crypto_market_pipeline.extract_raw manual__2026-07-06T15:49:29.072196+00:00 [queued]>
[2026-07-06T15:49:29.618+0000] {taskinstance.py:2076} INFO - Dependencies all met for dep_context=requeueable deps ti=<TaskInstance: crypto_market_pipeline.extract_raw manual__2026-07-06T15:49:29.072196+00:00 [queued]>
[2026-07-06T15:49:29.619+0000] {taskinstance.py:2306} INFO - Starting attempt 1 of 2
[2026-07-06T15:49:29.627+0000] {taskinstance.py:2330} INFO - Executing <Task(PythonOperator): extract_raw> on 2026-07-06 15:49:29.072196+00:00
[2026-07-06T15:49:29.633+0000] {logging_mixin.py:188} WARNING - /home/***/.local/lib/python3.12/site-packages/***/task/task_runner/standard_task_runner.py:61 DeprecationWarning: This process (pid=467) is multi-threaded, use of fork() may lead to deadlocks in the child.
[2026-07-06T15:49:29.632+0000] {standard_task_runner.py:90} INFO - Running: ['***', 'tasks', 'run', 'crypto_market_pipeline', 'extract_raw', 'manual__2026-07-06T15:49:29.072196+00:00', '--job-id', '15', '--raw', '--subdir', 'DAGS_FOLDER/crypto_pipeline.py', '--cfg-path', '/tmp/tmpx87nm86h']
[2026-07-06T15:49:29.635+0000] {standard_task_runner.py:91} INFO - Job 15: Subtask extract_raw
[2026-07-06T15:49:29.634+0000] {standard_task_runner.py:63} INFO - Started process 468 to run task
[2026-07-06T15:49:29.680+0000] {task_command.py:426} INFO - Running <TaskInstance: crypto_market_pipeline.extract_raw manual__2026-07-06T15:49:29.072196+00:00 [running]> on host 0f39d26fbe9c
[2026-07-06T15:49:29.841+0000] {taskinstance.py:2648} INFO - Exporting env vars: AIRFLOW_CTX_DAG_OWNER='user' AIRFLOW_CTX_DAG_ID='crypto_market_pipeline' AIRFLOW_CTX_TASK_ID='extract_raw' AIRFLOW_CTX_EXECUTION_DATE='2026-07-06T15:49:29.072196+00:00' AIRFLOW_CTX_TRY_NUMBER='1' AIRFLOW_CTX_DAG_RUN_ID='manual__2026-07-06T15:49:29.072196+00:00'
[2026-07-06T15:49:29.844+0000] {taskinstance.py:430} INFO - ::endgroup::
[2026-07-06T15:49:29.862+0000] {pipeline.py:95} INFO - Fetching BTCUSDT...
[2026-07-06T15:49:31.732+0000] {pipeline.py:109} INFO - BTCUSDT: inserted 72 rows
[2026-07-06T15:49:31.738+0000] {pipeline.py:95} INFO - Fetching ETHUSDT...
[2026-07-06T15:49:32.814+0000] {pipeline.py:109} INFO - ETHUSDT: inserted 72 rows
[2026-07-06T15:49:32.822+0000] {pipeline.py:95} INFO - Fetching SOLUSDT...
[2026-07-06T15:49:33.856+0000] {pipeline.py:109} INFO - SOLUSDT: inserted 72 rows
[2026-07-06T15:49:33.862+0000] {pipeline.py:111} INFO - Total raw inserted rows: 216
[2026-07-06T15:49:33.863+0000] {python.py:237} INFO - Done. Returned value was: 216
[2026-07-06T15:49:33.864+0000] {taskinstance.py:441} INFO - ::group::Post task execution logs
[2026-07-06T15:49:33.985+0000] {taskinstance.py:1206} INFO - Marking task as SUCCESS. dag_id=crypto_market_pipeline, task_id=extract_raw, run_id=manual__2026-07-06T15:49:29.072196+00:00, execution_date=20260706T154929, start_date=20260706T154929, end_date=20260706T154933
[2026-07-06T15:49:34.097+0000] {local_task_job_runner.py:240} INFO - Task exited with return code 0
[2026-07-06T15:49:34.130+0000] {taskinstance.py:3498} INFO - 1 downstream tasks scheduled from follow-on schedule check
[2026-07-06T15:49:34.132+0000] {local_task_job_runner.py:222} INFO - ::endgroup::
